Started GET "/" for 127.0.0.1 at 2023-03-22 10:33:42 +0300
Processing by Rails::WelcomeController#index as HTML
  Rendering /home/kingston/.rbenv/versions/2.7.4/lib/ruby/gems/2.7.0/gems/railties-7.0.4.3/lib/rails/templates/rails/welcome/index.html.erb
  Rendered /home/kingston/.rbenv/versions/2.7.4/lib/ruby/gems/2.7.0/gems/railties-7.0.4.3/lib/rails/templates/rails/welcome/index.html.erb (Duration: 2.5ms | Allocations: 766)
Completed 200 OK in 17ms (Views: 7.1ms | ActiveRecord: 0.0ms | Allocations: 6584)


  [1m[35m (105.7ms)[0m  [1m[35mCREATE TABLE "schema_migrations" ("version" varchar NOT NULL PRIMARY KEY)[0m
  [1m[35m (463.2ms)[0m  [1m[35mCREATE TABLE "ar_internal_metadata" ("key" varchar NOT NULL PRIMARY KEY, "value" varchar, "created_at" datetime(6) NOT NULL, "updated_at" datetime(6) NOT NULL)[0m
  [1m[36mActiveRecord::SchemaMigration Pluck (0.3ms)[0m  [1m[34mSELECT "schema_migrations"."version" FROM "schema_migrations" ORDER BY "schema_migrations"."version" ASC[0m
Migrating to CreateUsers (20230322074120)
  [1m[36mTRANSACTION (0.1ms)[0m  [1m[36mbegin transaction[0m
  [1m[35m (0.5ms)[0m  [1m[35mCREATE TABLE "users" ("id" integer PRIMARY KEY AUTOINCREMENT NOT NULL, "username" varchar NOT NULL, "email" varchar NOT NULL, "password_digest" varchar, "created_at" datetime(6) NOT NULL, "updated_at" datetime(6) NOT NULL)[0m
  [1m[36mActiveRecord::SchemaMigration Create (0.3ms)[0m  [1m[32mINSERT INTO "schema_migrations" ("version") VALUES (?)[0m  [["version", "20230322074120"]]
  [1m[36mTRANSACTION (156.2ms)[0m  [1m[36mcommit transaction[0m
  [1m[36mActiveRecord::InternalMetadata Load (0.2ms)[0m  [1m[34mSELECT "ar_internal_metadata".* FROM "ar_internal_metadata" WHERE "ar_internal_metadata"."key" = ? LIMIT ?[0m  [["key", "environment"], ["LIMIT", 1]]
  [1m[36mTRANSACTION (0.1ms)[0m  [1m[36mbegin transaction[0m
  [1m[36mActiveRecord::InternalMetadata Create (0.3ms)[0m  [1m[32mINSERT INTO "ar_internal_metadata" ("key", "value", "created_at", "updated_at") VALUES (?, ?, ?, ?)[0m  [["key", "environment"], ["value", "development"], ["created_at", "2023-03-22 07:53:08.711605"], ["updated_at", "2023-03-22 07:53:08.711605"]]
  [1m[36mTRANSACTION (90.7ms)[0m  [1m[36mcommit transaction[0m
  [1m[36mActiveRecord::SchemaMigration Pluck (0.2ms)[0m  [1m[34mSELECT "schema_migrations"."version" FROM "schema_migrations" ORDER BY "schema_migrations"."version" ASC[0m
Started GET "/sers" for 127.0.0.1 at 2023-03-22 11:16:53 +0300
  [1m[36mActiveRecord::SchemaMigration Pluck (0.5ms)[0m  [1m[34mSELECT "schema_migrations"."version" FROM "schema_migrations" ORDER BY "schema_migrations"."version" ASC[0m
  
ActionController::RoutingError (No route matches [GET] "/sers"):
  
Started GET "/users" for 127.0.0.1 at 2023-03-22 11:16:59 +0300
  
ActionController::RoutingError (No route matches [GET] "/users"):
  
Started POST "/register" for 127.0.0.1 at 2023-03-22 11:21:37 +0300
  [1m[36mActiveRecord::SchemaMigration Pluck (0.1ms)[0m  [1m[34mSELECT "schema_migrations"."version" FROM "schema_migrations" ORDER BY "schema_migrations"."version" ASC[0m
  
ArgumentError (Unknown validator: 'UniqueValidator'):
  
app/models/user.rb:4:in `<class:User>'
app/models/user.rb:1:in `<main>'
Started POST "/register" for 127.0.0.1 at 2023-03-22 11:21:50 +0300
  
ArgumentError (Unknown validator: 'UniqueValidator'):
  
app/models/user.rb:4:in `<class:User>'
app/models/user.rb:1:in `<main>'
Started POST "/register" for 127.0.0.1 at 2023-03-22 11:24:53 +0300
  
ArgumentError (Unknown validator: 'UniqueValidator'):
  
app/models/user.rb:4:in `<class:User>'
app/models/user.rb:1:in `<main>'
Started POST "/register" for 127.0.0.1 at 2023-03-22 11:25:13 +0300
  
ArgumentError (Unknown validator: 'UniqueValidator'):
  
app/models/user.rb:4:in `<class:User>'
app/models/user.rb:1:in `<main>'
Started POST "/register" for 127.0.0.1 at 2023-03-22 11:25:15 +0300
  
ArgumentError (Unknown validator: 'UniqueValidator'):
  
app/models/user.rb:4:in `<class:User>'
app/models/user.rb:1:in `<main>'
Started POST "/register" for 127.0.0.1 at 2023-03-22 11:25:28 +0300
  
ArgumentError (Unknown validator: 'UniqueValidator'):
  
app/models/user.rb:4:in `<class:User>'
app/models/user.rb:1:in `<main>'
Started POST "/register" for 127.0.0.1 at 2023-03-22 11:25:31 +0300
  
ArgumentError (Unknown validator: 'UniqueValidator'):
  
app/models/user.rb:4:in `<class:User>'
app/models/user.rb:1:in `<main>'
  [1m[36mActiveRecord::SchemaMigration Pluck (0.1ms)[0m  [1m[34mSELECT "schema_migrations"."version" FROM "schema_migrations" ORDER BY "schema_migrations"."version" ASC[0m
  [1m[36mActiveRecord::SchemaMigration Pluck (0.1ms)[0m  [1m[34mSELECT "schema_migrations"."version" FROM "schema_migrations" ORDER BY "schema_migrations"."version" ASC[0m
  [1m[36mActiveRecord::SchemaMigration Pluck (0.1ms)[0m  [1m[34mSELECT "schema_migrations"."version" FROM "schema_migrations" ORDER BY "schema_migrations"."version" ASC[0m
  [1m[36mActiveRecord::SchemaMigration Pluck (0.1ms)[0m  [1m[34mSELECT "schema_migrations"."version" FROM "schema_migrations" ORDER BY "schema_migrations"."version" ASC[0m
Migrating to CreateUsers (20230322074120)
  [1m[36mTRANSACTION (0.1ms)[0m  [1m[36mbegin transaction[0m
  [1m[35m (0.8ms)[0m  [1m[35mDROP TABLE "users"[0m
  [1m[36mActiveRecord::SchemaMigration Delete All (0.4ms)[0m  [1m[31mDELETE FROM "schema_migrations" WHERE "schema_migrations"."version" = ?[0m  [["version", "20230322074120"]]
  [1m[36mTRANSACTION (92.0ms)[0m  [1m[36mcommit transaction[0m
  [1m[36mActiveRecord::SchemaMigration Pluck (0.2ms)[0m  [1m[34mSELECT "schema_migrations"."version" FROM "schema_migrations" ORDER BY "schema_migrations"."version" ASC[0m
  [1m[36mActiveRecord::SchemaMigration Pluck (0.1ms)[0m  [1m[34mSELECT "schema_migrations"."version" FROM "schema_migrations" ORDER BY "schema_migrations"."version" ASC[0m
Migrating to CreateUsers (20230322074120)
  [1m[36mTRANSACTION (0.1ms)[0m  [1m[36mbegin transaction[0m
  [1m[35m (0.4ms)[0m  [1m[35mCREATE TABLE "users" ("id" integer PRIMARY KEY AUTOINCREMENT NOT NULL, "username" varchar NOT NULL, "email" varchar NOT NULL, "password_digest" varchar, "created_at" datetime(6) NOT NULL, "updated_at" datetime(6) NOT NULL)[0m
  [1m[36mActiveRecord::SchemaMigration Create (0.3ms)[0m  [1m[32mINSERT INTO "schema_migrations" ("version") VALUES (?)[0m  [["version", "20230322074120"]]
  [1m[36mTRANSACTION (82.9ms)[0m  [1m[36mcommit transaction[0m
  [1m[36mActiveRecord::InternalMetadata Load (0.3ms)[0m  [1m[34mSELECT "ar_internal_metadata".* FROM "ar_internal_metadata" WHERE "ar_internal_metadata"."key" = ? LIMIT ?[0m  [["key", "environment"], ["LIMIT", 1]]
  [1m[36mActiveRecord::SchemaMigration Pluck (0.2ms)[0m  [1m[34mSELECT "schema_migrations"."version" FROM "schema_migrations" ORDER BY "schema_migrations"."version" ASC[0m
Started POST "/register" for 127.0.0.1 at 2023-03-22 11:28:50 +0300
  [1m[36mActiveRecord::SchemaMigration Pluck (0.1ms)[0m  [1m[34mSELECT "schema_migrations"."version" FROM "schema_migrations" ORDER BY "schema_migrations"."version" ASC[0m
  
ArgumentError (Unknown validator: 'UniqueValidator'):
  
app/models/user.rb:4:in `<class:User>'
app/models/user.rb:1:in `<main>'
Started POST "/register" for 127.0.0.1 at 2023-03-22 11:29:18 +0300
Processing by UsersController#register as */*
  Parameters: {"username"=>"kingston", "email"=>"kingston@gmail.com", "password"=>"[FILTERED]", "user"=>{"username"=>"kingston", "email"=>"kingston@gmail.com"}}
[31mUnpermitted parameter: :user. Context: { controller: UsersController, action: register, request: #<ActionDispatch::Request:0x00007febec86b7c8>, params: {"username"=>"kingston", "email"=>"kingston@gmail.com", "password"=>"[FILTERED]", "controller"=>"users", "action"=>"register", "user"=>{"username"=>"kingston", "email"=>"kingston@gmail.com"}} }[0m
  [1m[36mTRANSACTION (0.1ms)[0m  [1m[36mbegin transaction[0m
  ↳ app/controllers/users_controller.rb:3:in `register'
  [1m[36mUser Create (0.4ms)[0m  [1m[32mINSERT INTO "users" ("username", "email", "password_digest", "created_at", "updated_at") VALUES (?, ?, ?, ?, ?)[0m  [["username", "kingston"], ["email", "kingston@gmail.com"], ["password_digest", "[FILTERED]"], ["created_at", "2023-03-22 08:29:19.300605"], ["updated_at", "2023-03-22 08:29:19.300605"]]
  ↳ app/controllers/users_controller.rb:3:in `register'
  [1m[36mTRANSACTION (139.9ms)[0m  [1m[36mcommit transaction[0m
  ↳ app/controllers/users_controller.rb:3:in `register'
Completed 201 Created in 416ms (Views: 1.8ms | ActiveRecord: 141.8ms | Allocations: 36662)


Started POST "/register" for 127.0.0.1 at 2023-03-22 11:30:02 +0300
Processing by UsersController#register as */*
  Parameters: {"username"=>"kingsley", "email"=>"kingsley@gmail.com", "password"=>"[FILTERED]", "user"=>{"username"=>"kingsley", "email"=>"kingsley@gmail.com"}}
[31mUnpermitted parameter: :user. Context: { controller: UsersController, action: register, request: #<ActionDispatch::Request:0x00007febfc3f9658>, params: {"username"=>"kingsley", "email"=>"kingsley@gmail.com", "password"=>"[FILTERED]", "controller"=>"users", "action"=>"register", "user"=>{"username"=>"kingsley", "email"=>"kingsley@gmail.com"}} }[0m
  [1m[36mTRANSACTION (0.1ms)[0m  [1m[36mbegin transaction[0m
  ↳ app/controllers/users_controller.rb:3:in `register'
  [1m[36mUser Exists? (0.2ms)[0m  [1m[34mSELECT 1 AS one FROM "users" WHERE "users"."username" = ? LIMIT ?[0m  [["username", "kingsley"], ["LIMIT", 1]]
  ↳ app/controllers/users_controller.rb:3:in `register'
  [1m[36mUser Exists? (0.2ms)[0m  [1m[34mSELECT 1 AS one FROM "users" WHERE "users"."email" = ? LIMIT ?[0m  [["email", "kingsley@gmail.com"], ["LIMIT", 1]]
  ↳ app/controllers/users_controller.rb:3:in `register'
  [1m[36mUser Create (0.4ms)[0m  [1m[32mINSERT INTO "users" ("username", "email", "password_digest", "created_at", "updated_at") VALUES (?, ?, ?, ?, ?)[0m  [["username", "kingsley"], ["email", "kingsley@gmail.com"], ["password_digest", "[FILTERED]"], ["created_at", "2023-03-22 08:30:03.010861"], ["updated_at", "2023-03-22 08:30:03.010861"]]
  ↳ app/controllers/users_controller.rb:3:in `register'
  [1m[36mTRANSACTION (85.7ms)[0m  [1m[36mcommit transaction[0m
  ↳ app/controllers/users_controller.rb:3:in `register'
  [1m[36mUser Exists? (0.6ms)[0m  [1m[34mSELECT 1 AS one FROM "users" WHERE "users"."username" = ? AND "users"."id" != ? LIMIT ?[0m  [["username", "kingsley"], ["id", 2], ["LIMIT", 1]]
  ↳ app/controllers/users_controller.rb:4:in `register'
  [1m[36mUser Exists? (0.5ms)[0m  [1m[34mSELECT 1 AS one FROM "users" WHERE "users"."email" = ? AND "users"."id" != ? LIMIT ?[0m  [["email", "kingsley@gmail.com"], ["id", 2], ["LIMIT", 1]]
  ↳ app/controllers/users_controller.rb:4:in `register'
Completed 201 Created in 352ms (Views: 1.6ms | ActiveRecord: 88.8ms | Allocations: 6727)


Started GET "//users/login/ckeck" for 127.0.0.1 at 2023-03-23 10:44:56 +0300
  [1m[36mActiveRecord::SchemaMigration Pluck (0.1ms)[0m  [1m[34mSELECT "schema_migrations"."version" FROM "schema_migrations" ORDER BY "schema_migrations"."version" ASC[0m
Processing by UsersController#check_login_status as */*
Completed 500 Internal Server Error in 8ms (ActiveRecord: 0.0ms | Allocations: 713)


  
NoMethodError (undefined method `-' for nil:NilClass):
  
app/controllers/application_controller.rb:22:in `session_expired?'
Started GET "//users/login/ckeck" for 127.0.0.1 at 2023-03-23 10:49:27 +0300
Processing by UsersController#check_login_status as */*
Filter chain halted as :session_expired? rendered or redirected
Completed 401 Unauthorized in 3ms (Views: 1.1ms | Allocations: 237)


Started GET "//users/login/ckeck" for 127.0.0.1 at 2023-03-23 10:51:49 +0300
Processing by UsersController#check_login_status as */*
Completed 500 Internal Server Error in 2ms (Allocations: 657)


  
NoMethodError (undefined method `-' for nil:NilClass):
  
app/controllers/application_controller.rb:23:in `session_expired?'
Started GET "//users/login/ckeck" for 127.0.0.1 at 2023-03-23 10:52:35 +0300
Processing by UsersController#check_login_status as */*
Filter chain halted as :session_expired? rendered or redirected
Completed 401 Unauthorized in 1ms (Views: 0.3ms | Allocations: 220)


Started POST "/register" for 127.0.0.1 at 2023-03-23 10:54:21 +0300
Processing by UsersController#register as */*
  Parameters: {"username"=>"kings", "password"=>"[FILTERED]", "email"=>"kings@gmail.com", "user"=>{"username"=>"kings", "email"=>"kings@gmail.com"}}
[31mUnpermitted parameter: :user. Context: { controller: UsersController, action: register, request: #<ActionDispatch::Request:0x00007f6ec40c8408>, params: {"username"=>"kings", "password"=>"[FILTERED]", "email"=>"kings@gmail.com", "controller"=>"users", "action"=>"register", "user"=>{"username"=>"kings", "email"=>"kings@gmail.com"}} }[0m
  [1m[36mTRANSACTION (0.1ms)[0m  [1m[36mbegin transaction[0m
  ↳ app/controllers/users_controller.rb:5:in `register'
  [1m[36mUser Exists? (0.2ms)[0m  [1m[34mSELECT 1 AS one FROM "users" WHERE "users"."username" = ? LIMIT ?[0m  [["username", "kings"], ["LIMIT", 1]]
  ↳ app/controllers/users_controller.rb:5:in `register'
  [1m[36mUser Exists? (0.3ms)[0m  [1m[34mSELECT 1 AS one FROM "users" WHERE "users"."email" = ? LIMIT ?[0m  [["email", "kings@gmail.com"], ["LIMIT", 1]]
  ↳ app/controllers/users_controller.rb:5:in `register'
  [1m[36mUser Create (0.6ms)[0m  [1m[32mINSERT INTO "users" ("username", "email", "password_digest", "created_at", "updated_at") VALUES (?, ?, ?, ?, ?)[0m  [["username", "kings"], ["email", "kings@gmail.com"], ["password_digest", "[FILTERED]"], ["created_at", "2023-03-23 07:54:21.927102"], ["updated_at", "2023-03-23 07:54:21.927102"]]
  ↳ app/controllers/users_controller.rb:5:in `register'
  [1m[36mTRANSACTION (89.0ms)[0m  [1m[36mcommit transaction[0m
  ↳ app/controllers/users_controller.rb:5:in `register'
  [1m[36mUser Exists? (0.3ms)[0m  [1m[34mSELECT 1 AS one FROM "users" WHERE "users"."username" = ? AND "users"."id" != ? LIMIT ?[0m  [["username", "kings"], ["id", 3], ["LIMIT", 1]]
  ↳ app/controllers/users_controller.rb:6:in `register'
  [1m[36mUser Exists? (0.2ms)[0m  [1m[34mSELECT 1 AS one FROM "users" WHERE "users"."email" = ? AND "users"."id" != ? LIMIT ?[0m  [["email", "kings@gmail.com"], ["id", 3], ["LIMIT", 1]]
  ↳ app/controllers/users_controller.rb:6:in `register'
Completed 201 Created in 594ms (Views: 1.1ms | ActiveRecord: 93.9ms | Allocations: 40182)


Started POST "/login" for 127.0.0.1 at 2023-03-23 10:55:15 +0300
  
ActionController::RoutingError (No route matches [POST] "/login"):
  
Started POST "/users/login" for 127.0.0.1 at 2023-03-23 10:55:30 +0300
Processing by UsersController#login as */*
  Parameters: {"username"=>"kings", "password"=>"[FILTERED]", "user"=>{"username"=>"kings"}}
[31mUnpermitted parameter: :user. Context: { controller: UsersController, action: login, request: #<ActionDispatch::Request:0x00007f6ed4180ca0>, params: {"username"=>"kings", "password"=>"[FILTERED]", "controller"=>"users", "action"=>"login", "user"=>{"username"=>"kings"}} }[0m
[31mUnpermitted parameter: :user. Context: { controller: UsersController, action: login, request: #<ActionDispatch::Request:0x00007f6ed4180ca0>, params: {"username"=>"kings", "password"=>"[FILTERED]", "controller"=>"users", "action"=>"login", "user"=>{"username"=>"kings"}} }[0m
[31mUnpermitted parameter: :user. Context: { controller: UsersController, action: login, request: #<ActionDispatch::Request:0x00007f6ed4180ca0>, params: {"username"=>"kings", "password"=>"[FILTERED]", "controller"=>"users", "action"=>"login", "user"=>{"username"=>"kings"}} }[0m
  [1m[36mUser Load (0.5ms)[0m  [1m[34mSELECT "users".* FROM "users" WHERE (username = 'kings' OR email = NULL) /* loading for inspect */ LIMIT ?[0m  [["LIMIT", 11]]
Completed 500 Internal Server Error in 19ms (ActiveRecord: 0.0ms | Allocations: 3110)


  [1m[36mCACHE User Load (0.0ms)[0m  [1m[34mSELECT "users".* FROM "users" WHERE (username = 'kings' OR email = NULL) /* loading for inspect */ LIMIT ?[0m  [["LIMIT", 11]]
  
NoMethodError (undefined method `authenticate' for #<User::ActiveRecord_Relation:0x00007f6ed417b480>):
  
app/controllers/users_controller.rb:17:in `login'
  [1m[36mCACHE User Load (0.0ms)[0m  [1m[34mSELECT "users".* FROM "users" WHERE (username = 'kings' OR email = NULL) /* loading for inspect */ LIMIT ?[0m  [["LIMIT", 11]]
Started POST "/users/login" for 127.0.0.1 at 2023-03-23 10:57:33 +0300
Processing by UsersController#login as */*
  Parameters: {"username"=>"kings", "password"=>"[FILTERED]", "user"=>{"username"=>"kings"}}
[31mUnpermitted parameter: :user. Context: { controller: UsersController, action: login, request: #<ActionDispatch::Request:0x00007f6ec0018db8>, params: {"username"=>"kings", "password"=>"[FILTERED]", "controller"=>"users", "action"=>"login", "user"=>{"username"=>"kings"}} }[0m
[31mUnpermitted parameter: :user. Context: { controller: UsersController, action: login, request: #<ActionDispatch::Request:0x00007f6ec0018db8>, params: {"username"=>"kings", "password"=>"[FILTERED]", "controller"=>"users", "action"=>"login", "user"=>{"username"=>"kings"}} }[0m
[31mUnpermitted parameter: :user. Context: { controller: UsersController, action: login, request: #<ActionDispatch::Request:0x00007f6ec0018db8>, params: {"username"=>"kings", "password"=>"[FILTERED]", "controller"=>"users", "action"=>"login", "user"=>{"username"=>"kings"}} }[0m
  [1m[36mUser Load (0.2ms)[0m  [1m[34mSELECT "users".* FROM "users" WHERE (username = 'kings' OR email = NULL) /* loading for inspect */ LIMIT ?[0m  [["LIMIT", 11]]
Completed 500 Internal Server Error in 26ms (ActiveRecord: 0.9ms | Allocations: 4387)


  [1m[36mCACHE User Load (0.0ms)[0m  [1m[34mSELECT "users".* FROM "users" WHERE (username = 'kings' OR email = NULL) /* loading for inspect */ LIMIT ?[0m  [["LIMIT", 11]]
  
NoMethodError (undefined method `authenticate' for #<User::ActiveRecord_Relation:0x00007f6ec8e46090>):
  
app/controllers/users_controller.rb:17:in `login'
  [1m[36mCACHE User Load (0.1ms)[0m  [1m[34mSELECT "users".* FROM "users" WHERE (username = 'kings' OR email = NULL) /* loading for inspect */ LIMIT ?[0m  [["LIMIT", 11]]
Started GET "/users/login/ckeck" for 127.0.0.1 at 2023-03-23 10:58:19 +0300
Processing by UsersController#check_login_status as */*
  Parameters: {"username"=>"kings", "password"=>"[FILTERED]", "user"=>{"username"=>"kings"}}
Completed 500 Internal Server Error in 7ms (ActiveRecord: 0.0ms | Allocations: 1415)


  
NoMethodError (undefined method `-' for "2023-03-23T13:54:22.027Z":String
Did you mean?  -@):
  
app/controllers/application_controller.rb:24:in `session_expired?'
Started GET "/users/login/ckeck" for 127.0.0.1 at 2023-03-23 10:59:37 +0300
Processing by UsersController#check_login_status as */*
  Parameters: {"username"=>"kings", "password"=>"[FILTERED]", "user"=>{"username"=>"kings"}}
Completed 500 Internal Server Error in 3ms (ActiveRecord: 0.9ms | Allocations: 364)


  
ArgumentError (unknown keyword: :messgae):
  
app/controllers/application_controller.rb:4:in `app_response'
app/controllers/users_controller.rb:31:in `check_login_status'
Started GET "/users/login/ckeck" for 127.0.0.1 at 2023-03-23 11:00:08 +0300
Processing by UsersController#check_login_status as */*
  Parameters: {"username"=>"kings", "password"=>"[FILTERED]", "user"=>{"username"=>"kings"}}
Completed 200 OK in 1ms (Views: 0.4ms | ActiveRecord: 1.4ms | Allocations: 337)


Started DELETE "/users/logout" for 127.0.0.1 at 2023-03-23 11:00:56 +0300
Processing by UsersController#logout as */*
  Parameters: {"username"=>"kings", "password"=>"[FILTERED]", "user"=>{"username"=>"kings"}}
Completed 200 OK in 1ms (Views: 0.3ms | ActiveRecord: 0.0ms | Allocations: 261)


Started GET "/users/login/check" for 127.0.0.1 at 2023-03-23 11:01:28 +0300
  
ActionController::RoutingError (No route matches [GET] "/users/login/check"):
  
Started GET "/users/login/ckeck" for 127.0.0.1 at 2023-03-23 11:02:17 +0300
Processing by UsersController#check_login_status as */*
  Parameters: {"username"=>"kings", "password"=>"[FILTERED]", "user"=>{"username"=>"kings"}}
Filter chain halted as :session_expired? rendered or redirected
Completed 401 Unauthorized in 4ms (Views: 0.8ms | ActiveRecord: 0.0ms | Allocations: 325)


Started GET "/users/login/check" for 127.0.0.1 at 2023-03-23 11:06:51 +0300
Processing by UsersController#check_login_status as */*
  Parameters: {"username"=>"kings", "password"=>"[FILTERED]", "user"=>{"username"=>"kings"}}
Filter chain halted as :session_expired? rendered or redirected
Completed 401 Unauthorized in 1ms (Views: 0.3ms | ActiveRecord: 0.4ms | Allocations: 348)


  [1m[36mActiveRecord::SchemaMigration Pluck (0.1ms)[0m  [1m[34mSELECT "schema_migrations"."version" FROM "schema_migrations" ORDER BY "schema_migrations"."version" ASC[0m
Migrating to CreateTodos (20230323082539)
  [1m[36mTRANSACTION (0.1ms)[0m  [1m[36mbegin transaction[0m
  [1m[35m (0.5ms)[0m  [1m[35mCREATE TABLE "todos" ("id" integer PRIMARY KEY AUTOINCREMENT NOT NULL, "title" varchar NOT NULL, "description" text NOT NULL, "status" integer DEFAULT 0 NOT NULL, "priority" integer DEFAULT 0 NOT NULL, "user_id" integer NOT NULL, "created_at" datetime(6) NOT NULL, "updated_at" datetime(6) NOT NULL, CONSTRAINT "fk_rails_d94154aa95"
FOREIGN KEY ("user_id")
  REFERENCES "users" ("id")
)[0m
  [1m[35m (0.3ms)[0m  [1m[35mCREATE INDEX "index_todos_on_user_id" ON "todos" ("user_id")[0m
  [1m[36mActiveRecord::SchemaMigration Create (0.3ms)[0m  [1m[32mINSERT INTO "schema_migrations" ("version") VALUES (?)[0m  [["version", "20230323082539"]]
  [1m[36mTRANSACTION (494.2ms)[0m  [1m[36mcommit transaction[0m
  [1m[36mActiveRecord::InternalMetadata Load (0.7ms)[0m  [1m[34mSELECT "ar_internal_metadata".* FROM "ar_internal_metadata" WHERE "ar_internal_metadata"."key" = ? LIMIT ?[0m  [["key", "environment"], ["LIMIT", 1]]
  [1m[36mActiveRecord::SchemaMigration Pluck (0.2ms)[0m  [1m[34mSELECT "schema_migrations"."version" FROM "schema_migrations" ORDER BY "schema_migrations"."version" ASC[0m
Started POST "/todos" for 127.0.0.1 at 2023-03-23 11:54:57 +0300
  [1m[36mActiveRecord::SchemaMigration Pluck (0.1ms)[0m  [1m[34mSELECT "schema_migrations"."version" FROM "schema_migrations" ORDER BY "schema_migrations"."version" ASC[0m
Processing by TodosController#create as */*
  Parameters: {"title"=>"Add todo endpoint", "description"=>"Make sure you add todo endpoint", "priority"=>"HIGH", "todo"=>{"title"=>"Add todo endpoint", "description"=>"Make sure you add todo endpoint", "priority"=>"HIGH"}}
Filter chain halted as :session_expired? rendered or redirected
Completed 401 Unauthorized in 6ms (Views: 0.3ms | ActiveRecord: 0.6ms | Allocations: 457)


Started POST "/todos" for 127.0.0.1 at 2023-03-23 11:55:09 +0300
Processing by TodosController#create as */*
  Parameters: {"title"=>"Add todo endpoint", "description"=>"Make sure you add todo endpoint", "priority"=>"HIGH", "todo"=>{"title"=>"Add todo endpoint", "description"=>"Make sure you add todo endpoint", "priority"=>"HIGH"}}
Filter chain halted as :session_expired? rendered or redirected
Completed 401 Unauthorized in 1ms (Views: 0.3ms | ActiveRecord: 0.0ms | Allocations: 324)


Started POST "/todos" for 127.0.0.1 at 2023-03-23 11:56:25 +0300
Processing by TodosController#create as */*
  Parameters: {"title"=>"Add todo endpoint", "description"=>"Make sure you add todo endpoint", "priority"=>"HIGH", "todo"=>{"title"=>"Add todo endpoint", "description"=>"Make sure you add todo endpoint", "priority"=>"HIGH"}}
Filter chain halted as :session_expired? rendered or redirected
Completed 401 Unauthorized in 1ms (Views: 0.3ms | ActiveRecord: 0.0ms | Allocations: 316)


Started POST "/users/login" for 127.0.0.1 at 2023-03-23 11:59:39 +0300
Processing by UsersController#login as */*
  Parameters: {"title"=>"Add todo endpoint", "description"=>"Make sure you add todo endpoint", "priority"=>"HIGH", "user"=>{}}
[31mUnpermitted parameters: :title, :description, :priority, :user. Context: { controller: UsersController, action: login, request: #<ActionDispatch::Request:0x00007f62d8b54040>, params: {"title"=>"Add todo endpoint", "description"=>"Make sure you add todo endpoint", "priority"=>"HIGH", "controller"=>"users", "action"=>"login", "user"=>{}} }[0m
[31mUnpermitted parameters: :title, :description, :priority, :user. Context: { controller: UsersController, action: login, request: #<ActionDispatch::Request:0x00007f62d8b54040>, params: {"title"=>"Add todo endpoint", "description"=>"Make sure you add todo endpoint", "priority"=>"HIGH", "controller"=>"users", "action"=>"login", "user"=>{}} }[0m
[31mUnpermitted parameters: :title, :description, :priority, :user. Context: { controller: UsersController, action: login, request: #<ActionDispatch::Request:0x00007f62d8b54040>, params: {"title"=>"Add todo endpoint", "description"=>"Make sure you add todo endpoint", "priority"=>"HIGH", "controller"=>"users", "action"=>"login", "user"=>{}} }[0m
  [1m[36mUser Load (0.4ms)[0m  [1m[34mSELECT "users".* FROM "users" WHERE (username = NULL OR email = NULL) /* loading for inspect */ LIMIT ?[0m  [["LIMIT", 11]]
Completed 500 Internal Server Error in 75ms (ActiveRecord: 3.9ms | Allocations: 21774)


  [1m[36mCACHE User Load (0.0ms)[0m  [1m[34mSELECT "users".* FROM "users" WHERE (username = NULL OR email = NULL) /* loading for inspect */ LIMIT ?[0m  [["LIMIT", 11]]
  
NoMethodError (undefined method `authenticate' for #<ActiveRecord::Relation []>):
  
app/controllers/users_controller.rb:17:in `login'
  [1m[36mCACHE User Load (0.1ms)[0m  [1m[34mSELECT "users".* FROM "users" WHERE (username = NULL OR email = NULL) /* loading for inspect */ LIMIT ?[0m  [["LIMIT", 11]]
Started POST "/users/login" for 127.0.0.1 at 2023-03-23 12:00:18 +0300
Processing by UsersController#login as */*
  Parameters: {"username"=>"popo", "password"=>"[FILTERED]", "user"=>{"username"=>"popo"}}
[31mUnpermitted parameter: :user. Context: { controller: UsersController, action: login, request: #<ActionDispatch::Request:0x00007f62e882c740>, params: {"username"=>"popo", "password"=>"[FILTERED]", "controller"=>"users", "action"=>"login", "user"=>{"username"=>"popo"}} }[0m
[31mUnpermitted parameter: :user. Context: { controller: UsersController, action: login, request: #<ActionDispatch::Request:0x00007f62e882c740>, params: {"username"=>"popo", "password"=>"[FILTERED]", "controller"=>"users", "action"=>"login", "user"=>{"username"=>"popo"}} }[0m
[31mUnpermitted parameter: :user. Context: { controller: UsersController, action: login, request: #<ActionDispatch::Request:0x00007f62e882c740>, params: {"username"=>"popo", "password"=>"[FILTERED]", "controller"=>"users", "action"=>"login", "user"=>{"username"=>"popo"}} }[0m
  [1m[36mUser Load (0.2ms)[0m  [1m[34mSELECT "users".* FROM "users" WHERE (username = 'popo' OR email = NULL) /* loading for inspect */ LIMIT ?[0m  [["LIMIT", 11]]
Completed 500 Internal Server Error in 14ms (ActiveRecord: 0.0ms | Allocations: 2944)


  [1m[36mCACHE User Load (0.0ms)[0m  [1m[34mSELECT "users".* FROM "users" WHERE (username = 'popo' OR email = NULL) /* loading for inspect */ LIMIT ?[0m  [["LIMIT", 11]]
  
NoMethodError (undefined method `authenticate' for #<ActiveRecord::Relation []>):
  
app/controllers/users_controller.rb:17:in `login'
  [1m[36mCACHE User Load (0.0ms)[0m  [1m[34mSELECT "users".* FROM "users" WHERE (username = 'popo' OR email = NULL) /* loading for inspect */ LIMIT ?[0m  [["LIMIT", 11]]
Started POST "/todos" for 127.0.0.1 at 2023-03-23 12:14:38 +0300
Processing by TodosController#create as */*
  Parameters: {"title"=>"Add todo endpoint", "description"=>"make sure you add create todo endpoint", "priority"=>"9", "todo"=>{"title"=>"Add todo endpoint", "description"=>"make sure you add create todo endpoint", "priority"=>"9"}}
Filter chain halted as :session_expired? rendered or redirected
Completed 401 Unauthorized in 2ms (Views: 0.3ms | ActiveRecord: 0.7ms | Allocations: 345)


Started POST "/users/login" for 127.0.0.1 at 2023-03-23 12:15:32 +0300
Processing by UsersController#login as */*
  Parameters: {"username"=>"kingsley", "password"=>"[FILTERED]", "user"=>{"username"=>"kingsley"}}
[31mUnpermitted parameter: :user. Context: { controller: UsersController, action: login, request: #<ActionDispatch::Request:0x00007f62d8c13620>, params: {"username"=>"kingsley", "password"=>"[FILTERED]", "controller"=>"users", "action"=>"login", "user"=>{"username"=>"kingsley"}} }[0m
[31mUnpermitted parameter: :user. Context: { controller: UsersController, action: login, request: #<ActionDispatch::Request:0x00007f62d8c13620>, params: {"username"=>"kingsley", "password"=>"[FILTERED]", "controller"=>"users", "action"=>"login", "user"=>{"username"=>"kingsley"}} }[0m
[31mUnpermitted parameter: :user. Context: { controller: UsersController, action: login, request: #<ActionDispatch::Request:0x00007f62d8c13620>, params: {"username"=>"kingsley", "password"=>"[FILTERED]", "controller"=>"users", "action"=>"login", "user"=>{"username"=>"kingsley"}} }[0m
  [1m[36mUser Load (0.3ms)[0m  [1m[34mSELECT "users".* FROM "users" WHERE (username = 'kingsley' OR email = NULL) /* loading for inspect */ LIMIT ?[0m  [["LIMIT", 11]]
Completed 500 Internal Server Error in 42ms (ActiveRecord: 0.0ms | Allocations: 18339)


  [1m[36mCACHE User Load (0.0ms)[0m  [1m[34mSELECT "users".* FROM "users" WHERE (username = 'kingsley' OR email = NULL) /* loading for inspect */ LIMIT ?[0m  [["LIMIT", 11]]
  
NoMethodError (undefined method `authenticate' for #<User::ActiveRecord_Relation:0x00007f62e8c625d0>):
  
app/controllers/users_controller.rb:17:in `login'
  [1m[36mCACHE User Load (0.0ms)[0m  [1m[34mSELECT "users".* FROM "users" WHERE (username = 'kingsley' OR email = NULL) /* loading for inspect */ LIMIT ?[0m  [["LIMIT", 11]]
Started POST "/users/login" for 127.0.0.1 at 2023-03-23 12:21:52 +0300
Processing by UsersController#login as */*
  Parameters: {"username"=>"kingsley", "password"=>"[FILTERED]", "user"=>{"username"=>"kingsley"}}
[31mUnpermitted parameter: :user. Context: { controller: UsersController, action: login, request: #<ActionDispatch::Request:0x00007f62e872cbb0>, params: {"username"=>"kingsley", "password"=>"[FILTERED]", "controller"=>"users", "action"=>"login", "user"=>{"username"=>"kingsley"}} }[0m
[31mUnpermitted parameter: :user. Context: { controller: UsersController, action: login, request: #<ActionDispatch::Request:0x00007f62e872cbb0>, params: {"username"=>"kingsley", "password"=>"[FILTERED]", "controller"=>"users", "action"=>"login", "user"=>{"username"=>"kingsley"}} }[0m
  [1m[36mUser Load (0.3ms)[0m  [1m[34mSELECT "users".* FROM "users" WHERE (username = 'kingsley' OR email = NULL) ORDER BY "users"."id" ASC LIMIT ?[0m  [["LIMIT", 1]]
  ↳ app/controllers/users_controller.rb:16:in `login'
[31mUnpermitted parameter: :user. Context: { controller: UsersController, action: login, request: #<ActionDispatch::Request:0x00007f62e872cbb0>, params: {"username"=>"kingsley", "password"=>"[FILTERED]", "controller"=>"users", "action"=>"login", "user"=>{"username"=>"kingsley"}} }[0m
Completed 401 Unauthorized in 284ms (Views: 0.2ms | ActiveRecord: 0.6ms | Allocations: 2474)


Started POST "/users/login" for 127.0.0.1 at 2023-03-23 12:22:55 +0300
Processing by UsersController#login as */*
  Parameters: {"username"=>"kingsley", "password"=>"[FILTERED]", "email"=>"kingsley@gmail.com", "user"=>{"username"=>"kingsley", "email"=>"kingsley@gmail.com"}}
[31mUnpermitted parameter: :user. Context: { controller: UsersController, action: login, request: #<ActionDispatch::Request:0x00007f62d86342b8>, params: {"username"=>"kingsley", "password"=>"[FILTERED]", "email"=>"kingsley@gmail.com", "controller"=>"users", "action"=>"login", "user"=>{"username"=>"kingsley", "email"=>"kingsley@gmail.com"}} }[0m
[31mUnpermitted parameter: :user. Context: { controller: UsersController, action: login, request: #<ActionDispatch::Request:0x00007f62d86342b8>, params: {"username"=>"kingsley", "password"=>"[FILTERED]", "email"=>"kingsley@gmail.com", "controller"=>"users", "action"=>"login", "user"=>{"username"=>"kingsley", "email"=>"kingsley@gmail.com"}} }[0m
  [1m[36mUser Load (0.2ms)[0m  [1m[34mSELECT "users".* FROM "users" WHERE (username = 'kingsley' OR email = 'kingsley@gmail.com') ORDER BY "users"."id" ASC LIMIT ?[0m  [["LIMIT", 1]]
  ↳ app/controllers/users_controller.rb:16:in `login'
[31mUnpermitted parameter: :user. Context: { controller: UsersController, action: login, request: #<ActionDispatch::Request:0x00007f62d86342b8>, params: {"username"=>"kingsley", "password"=>"[FILTERED]", "email"=>"kingsley@gmail.com", "controller"=>"users", "action"=>"login", "user"=>{"username"=>"kingsley", "email"=>"kingsley@gmail.com"}} }[0m
Completed 401 Unauthorized in 252ms (Views: 0.1ms | ActiveRecord: 0.2ms | Allocations: 1098)


Started POST "/u" for 127.0.0.1 at 2023-03-23 12:23:51 +0300
  
ActionController::RoutingError (No route matches [POST] "/u"):
  
Started POST "/users/login" for 127.0.0.1 at 2023-03-23 12:24:05 +0300
Processing by UsersController#login as */*
  Parameters: {"username"=>"kings", "password"=>"[FILTERED]", "user"=>{"username"=>"kings"}}
[31mUnpermitted parameter: :user. Context: { controller: UsersController, action: login, request: #<ActionDispatch::Request:0x00007f62e8c144c0>, params: {"username"=>"kings", "password"=>"[FILTERED]", "controller"=>"users", "action"=>"login", "user"=>{"username"=>"kings"}} }[0m
[31mUnpermitted parameter: :user. Context: { controller: UsersController, action: login, request: #<ActionDispatch::Request:0x00007f62e8c144c0>, params: {"username"=>"kings", "password"=>"[FILTERED]", "controller"=>"users", "action"=>"login", "user"=>{"username"=>"kings"}} }[0m
  [1m[36mUser Load (0.3ms)[0m  [1m[34mSELECT "users".* FROM "users" WHERE (username = 'kings' OR email = NULL) ORDER BY "users"."id" ASC LIMIT ?[0m  [["LIMIT", 1]]
  ↳ app/controllers/users_controller.rb:16:in `login'
[31mUnpermitted parameter: :user. Context: { controller: UsersController, action: login, request: #<ActionDispatch::Request:0x00007f62e8c144c0>, params: {"username"=>"kings", "password"=>"[FILTERED]", "controller"=>"users", "action"=>"login", "user"=>{"username"=>"kings"}} }[0m
Completed 200 OK in 288ms (Views: 0.5ms | ActiveRecord: 0.3ms | Allocations: 1331)


Started POST "/todos" for 127.0.0.1 at 2023-03-23 12:24:11 +0300
Processing by TodosController#create as */*
  Parameters: {"title"=>"Add todo endpoint", "description"=>"make sure you add create todo endpoint", "priority"=>"9", "todo"=>{"title"=>"Add todo endpoint", "description"=>"make sure you add create todo endpoint", "priority"=>"9"}}
  [1m[36mUser Load (0.3ms)[0m  [1m[34mSELECT "users".* FROM "users" WHERE "users"."id" = ? LIMIT ?[0m  [["id", 3], ["LIMIT", 1]]
  ↳ app/controllers/application_controller.rb:32:in `user'
[31mUnpermitted parameter: :todo. Context: { controller: TodosController, action: create, request: #<ActionDispatch::Request:0x00007f62d8b4b030>, params: {"title"=>"Add todo endpoint", "description"=>"make sure you add create todo endpoint", "priority"=>"9", "controller"=>"todos", "action"=>"create", "todo"=>{"title"=>"Add todo endpoint", "description"=>"make sure you add create todo endpoint", "priority"=>"9"}} }[0m
Completed 500 Internal Server Error in 184ms (ActiveRecord: 0.9ms | Allocations: 22685)


  
NameError (undefined local variable or method `err' for #<TodosController:0x000000000134e8>):
  
app/controllers/todos_controller.rb:15:in `invalid_priority'
Started POST "/todos" for 127.0.0.1 at 2023-03-23 12:24:52 +0300
Processing by TodosController#create as */*
  Parameters: {"title"=>"Add todo endpoint", "description"=>"make sure you add create todo endpoint", "priority"=>"9", "todo"=>{"title"=>"Add todo endpoint", "description"=>"make sure you add create todo endpoint", "priority"=>"9"}}
  [1m[36mUser Load (0.2ms)[0m  [1m[34mSELECT "users".* FROM "users" WHERE "users"."id" = ? LIMIT ?[0m  [["id", 3], ["LIMIT", 1]]
  ↳ app/controllers/application_controller.rb:32:in `user'
[31mUnpermitted parameter: :todo. Context: { controller: TodosController, action: create, request: #<ActionDispatch::Request:0x00007f62e8ced2e8>, params: {"title"=>"Add todo endpoint", "description"=>"make sure you add create todo endpoint", "priority"=>"9", "controller"=>"todos", "action"=>"create", "todo"=>{"title"=>"Add todo endpoint", "description"=>"make sure you add create todo endpoint", "priority"=>"9"}} }[0m
Completed 500 Internal Server Error in 29ms (ActiveRecord: 2.5ms | Allocations: 7885)


  
NameError (undefined local variable or method `errors' for #<TodosController:0x00000000016c10>):
  
app/controllers/todos_controller.rb:15:in `invalid_priority'
Started POST "/todos" for 127.0.0.1 at 2023-03-23 12:28:03 +0300
Processing by TodosController#create as */*
  Parameters: {"title"=>"Add todo endpoint", "description"=>"make sure you add create todo endpoint", "priority"=>"9", "todo"=>{"title"=>"Add todo endpoint", "description"=>"make sure you add create todo endpoint", "priority"=>"9"}}
  [1m[36mUser Load (0.2ms)[0m  [1m[34mSELECT "users".* FROM "users" WHERE "users"."id" = ? LIMIT ?[0m  [["id", 3], ["LIMIT", 1]]
  ↳ app/controllers/application_controller.rb:32:in `user'
[31mUnpermitted parameter: :todo. Context: { controller: TodosController, action: create, request: #<ActionDispatch::Request:0x00007f62d00eeb30>, params: {"title"=>"Add todo endpoint", "description"=>"make sure you add create todo endpoint", "priority"=>"9", "controller"=>"todos", "action"=>"create", "todo"=>{"title"=>"Add todo endpoint", "description"=>"make sure you add create todo endpoint", "priority"=>"9"}} }[0m
Completed 422 Unprocessable Entity in 18ms (Views: 0.2ms | ActiveRecord: 2.1ms | Allocations: 6052)


Started PUT "/todos/1" for 127.0.0.1 at 2023-03-23 12:54:19 +0300
  [1m[36mActiveRecord::SchemaMigration Pluck (0.1ms)[0m  [1m[34mSELECT "schema_migrations"."version" FROM "schema_migrations" ORDER BY "schema_migrations"."version" ASC[0m
Processing by TodosController#update as */*
  Parameters: {"priority"=>"MEDIUM", "id"=>"1", "todo"=>{"priority"=>"MEDIUM"}}
  [1m[36mUser Load (0.3ms)[0m  [1m[34mSELECT "users".* FROM "users" WHERE "users"."id" = ? LIMIT ?[0m  [["id", 3], ["LIMIT", 1]]
  ↳ app/controllers/application_controller.rb:32:in `user'
  [1m[36mTodo Load (0.2ms)[0m  [1m[34mSELECT "todos".* FROM "todos" WHERE "todos"."user_id" = ? AND "todos"."id" = ? LIMIT ?[0m  [["user_id", 3], ["id", 1], ["LIMIT", 1]]
  ↳ app/controllers/todos_controller.rb:15:in `update'
Completed 404 Not Found in 88ms (ActiveRecord: 2.5ms | Allocations: 43620)


  
ActiveRecord::RecordNotFound (Couldn't find Todo with 'id'=1 [WHERE "todos"."user_id" = ?]):
  
app/controllers/todos_controller.rb:15:in `update'
Started POST "/users/login" for 127.0.0.1 at 2023-03-23 12:54:30 +0300
Processing by UsersController#login as */*
  Parameters: {"username"=>"kings", "password"=>"[FILTERED]", "user"=>{"username"=>"kings"}}
[31mUnpermitted parameter: :user. Context: { controller: UsersController, action: login, request: #<ActionDispatch::Request:0x00007f1acc8a7198>, params: {"username"=>"kings", "password"=>"[FILTERED]", "controller"=>"users", "action"=>"login", "user"=>{"username"=>"kings"}} }[0m
[31mUnpermitted parameter: :user. Context: { controller: UsersController, action: login, request: #<ActionDispatch::Request:0x00007f1acc8a7198>, params: {"username"=>"kings", "password"=>"[FILTERED]", "controller"=>"users", "action"=>"login", "user"=>{"username"=>"kings"}} }[0m
  [1m[36mUser Load (0.2ms)[0m  [1m[34mSELECT "users".* FROM "users" WHERE (username = 'kings' OR email = NULL) ORDER BY "users"."id" ASC LIMIT ?[0m  [["LIMIT", 1]]
  ↳ app/controllers/users_controller.rb:16:in `login'
[31mUnpermitted parameter: :user. Context: { controller: UsersController, action: login, request: #<ActionDispatch::Request:0x00007f1acc8a7198>, params: {"username"=>"kings", "password"=>"[FILTERED]", "controller"=>"users", "action"=>"login", "user"=>{"username"=>"kings"}} }[0m
Completed 200 OK in 278ms (Views: 0.4ms | ActiveRecord: 0.2ms | Allocations: 1631)


Started PUT "/todos/1" for 127.0.0.1 at 2023-03-23 12:54:35 +0300
Processing by TodosController#update as */*
  Parameters: {"priority"=>"MEDIUM", "id"=>"1", "todo"=>{"priority"=>"MEDIUM"}}
  [1m[36mUser Load (0.2ms)[0m  [1m[34mSELECT "users".* FROM "users" WHERE "users"."id" = ? LIMIT ?[0m  [["id", 3], ["LIMIT", 1]]
  ↳ app/controllers/application_controller.rb:32:in `user'
  [1m[36mTodo Load (0.2ms)[0m  [1m[34mSELECT "todos".* FROM "todos" WHERE "todos"."user_id" = ? AND "todos"."id" = ? LIMIT ?[0m  [["user_id", 3], ["id", 1], ["LIMIT", 1]]
  ↳ app/controllers/todos_controller.rb:15:in `update'
Completed 404 Not Found in 7ms (ActiveRecord: 0.3ms | Allocations: 1433)


  
ActiveRecord::RecordNotFound (Couldn't find Todo with 'id'=1 [WHERE "todos"."user_id" = ?]):
  
app/controllers/todos_controller.rb:15:in `update'
Started PUT "/todos/2" for 127.0.0.1 at 2023-03-23 12:54:55 +0300
Processing by TodosController#update as */*
  Parameters: {"priority"=>"MEDIUM", "id"=>"2", "todo"=>{"priority"=>"MEDIUM"}}
  [1m[36mUser Load (0.2ms)[0m  [1m[34mSELECT "users".* FROM "users" WHERE "users"."id" = ? LIMIT ?[0m  [["id", 3], ["LIMIT", 1]]
  ↳ app/controllers/application_controller.rb:32:in `user'
  [1m[36mTodo Load (0.4ms)[0m  [1m[34mSELECT "todos".* FROM "todos" WHERE "todos"."user_id" = ? AND "todos"."id" = ? LIMIT ?[0m  [["user_id", 3], ["id", 2], ["LIMIT", 1]]
  ↳ app/controllers/todos_controller.rb:15:in `update'
Completed 404 Not Found in 8ms (ActiveRecord: 0.6ms | Allocations: 1432)


  
ActiveRecord::RecordNotFound (Couldn't find Todo with 'id'=2 [WHERE "todos"."user_id" = ?]):
  
app/controllers/todos_controller.rb:15:in `update'
Started DELETE "/todos/1" for 127.0.0.1 at 2023-03-23 13:02:36 +0300
  
ActionController::RoutingError (No route matches [DELETE] "/todos/1"):
  
Started DELETE "/todos/1" for 127.0.0.1 at 2023-03-23 13:03:22 +0300
Processing by TodosController#destroy as */*
  Parameters: {"id"=>"1"}
  [1m[36mUser Load (0.1ms)[0m  [1m[34mSELECT "users".* FROM "users" WHERE "users"."id" = ? LIMIT ?[0m  [["id", 3], ["LIMIT", 1]]
  ↳ app/controllers/application_controller.rb:32:in `user'
  [1m[36mTodo Load (0.2ms)[0m  [1m[34mSELECT "todos".* FROM "todos" WHERE "todos"."user_id" = ? AND "todos"."id" = ? LIMIT ?[0m  [["user_id", 3], ["id", 1], ["LIMIT", 1]]
  ↳ app/controllers/todos_controller.rb:24:in `destroy'
Completed 404 Not Found in 46ms (ActiveRecord: 0.7ms | Allocations: 9451)


  
ActiveRecord::RecordNotFound (Couldn't find Todo with 'id'=1 [WHERE "todos"."user_id" = ?]):
  
app/controllers/todos_controller.rb:24:in `destroy'
Started DELETE "/todos/3" for 127.0.0.1 at 2023-03-23 13:03:44 +0300
Processing by TodosController#destroy as */*
  Parameters: {"id"=>"3"}
  [1m[36mUser Load (0.1ms)[0m  [1m[34mSELECT "users".* FROM "users" WHERE "users"."id" = ? LIMIT ?[0m  [["id", 3], ["LIMIT", 1]]
  ↳ app/controllers/application_controller.rb:32:in `user'
  [1m[36mTodo Load (0.1ms)[0m  [1m[34mSELECT "todos".* FROM "todos" WHERE "todos"."user_id" = ? AND "todos"."id" = ? LIMIT ?[0m  [["user_id", 3], ["id", 3], ["LIMIT", 1]]
  ↳ app/controllers/todos_controller.rb:24:in `destroy'
Completed 404 Not Found in 6ms (ActiveRecord: 0.3ms | Allocations: 1416)


  
ActiveRecord::RecordNotFound (Couldn't find Todo with 'id'=3 [WHERE "todos"."user_id" = ?]):
  
app/controllers/todos_controller.rb:24:in `destroy'
